{"label":"Logs for Users Products App","level":"debug","message":"Success in reading all users","timestamp":"21-03-2024 20:20:12"}
{"label":"Logs for Users Products App","level":"debug","message":"Success in reading all users","timestamp":"21-03-2024 20:20:28"}
{"label":"Logs for Users Products App","level":"debug","message":"Success in reading all users","timestamp":"21-03-2024 20:42:34"}
{"label":"Logs for Users Products App","level":"info","message":"Success in reading all users","timestamp":"21-03-2024 20:42:34"}
{"label":"Logs for Users Products App","level":"debug","message":"Success in reading all users","timestamp":"21-03-2024 20:43:27"}
{"label":"Logs for Users Products App","level":"info","message":"Success in reading all users","timestamp":"21-03-2024 20:43:27"}
{"label":"Logs for Users Products App","level":"debug","message":"Success in reading all users","timestamp":"21-03-2024 20:43:52"}
{"label":"Logs for Users Products App","level":"info","message":"Success in reading all users","timestamp":"21-03-2024 20:43:52"}
{"label":"Logs for Users Products App","level":"debug","message":"Success in finding one user","timestamp":"21-03-2024 20:43:59"}
{"label":"Logs for Users Products App","level":"info","message":"Success in finding one user","timestamp":"21-03-2024 20:43:59"}
{"label":"Logs for Users Products App","level":"debug","message":"Success in finding one user","timestamp":"21-03-2024 20:46:10"}
{"label":"Logs for Users Products App","level":"info","message":"Success in finding one user","timestamp":"21-03-2024 20:46:10"}
{"label":"Logs for Users Products App","level":"debug","message":"Success in finding one user","timestamp":"21-03-2024 20:46:27"}
{"label":"Logs for Users Products App","level":"info","message":"Success in finding one user","timestamp":"21-03-2024 20:46:27"}
{"label":"Logs for Users Products App","level":"debug","message":"Success in finding one user","timestamp":"21-03-2024 20:46:29"}
{"label":"Logs for Users Products App","level":"info","message":"Success in finding one user","timestamp":"21-03-2024 20:46:29"}
{"label":"Logs for Users Products App","level":"debug","message":"Success in deleting user","timestamp":"21-03-2024 20:51:18"}
{"label":"Logs for Users Products App","level":"info","message":"Success in deleting user","timestamp":"21-03-2024 20:51:18"}
{"label":"Logs for Users Products App","level":"debug","message":"Success in reading all users","timestamp":"22-03-2024 18:14:25"}
{"label":"Logs for Users Products App","level":"info","message":"Success in reading all users","timestamp":"22-03-2024 18:14:25"}
{"label":"Logs for Users Products App","level":"debug","message":"Success in reading all users","timestamp":"22-03-2024 18:14:29"}
{"label":"Logs for Users Products App","level":"info","message":"Success in reading all users","timestamp":"22-03-2024 18:14:29"}
{"label":"Logs for Users Products App","level":"debug","message":"Success in reading all users","timestamp":"22-03-2024 18:14:31"}
{"label":"Logs for Users Products App","level":"info","message":"Success in reading all users","timestamp":"22-03-2024 18:14:31"}
{"label":"Logs for Users Products App","level":"debug","message":"Success in reading all users","timestamp":"22-03-2024 18:16:21"}
{"label":"Logs for Users Products App","level":"info","message":"Success in reading all users","timestamp":"22-03-2024 18:16:21"}
{"label":"Logs for Users Products App","level":"debug","message":"Success in reading all users","timestamp":"22-03-2024 18:21:21"}
{"label":"Logs for Users Products App","level":"info","message":"Success in reading all users","timestamp":"22-03-2024 18:21:21"}
{"label":"Logs for Users Products App","level":"debug","message":"Success in reading all users","timestamp":"22-03-2024 18:28:49"}
{"label":"Logs for Users Products App","level":"info","message":"Success in reading all users","timestamp":"22-03-2024 18:28:49"}
{"label":"Logs for Users Products App","level":"debug","message":"Success in reading all users","timestamp":"22-03-2024 18:29:56"}
{"label":"Logs for Users Products App","level":"info","message":"Success in reading all users","timestamp":"22-03-2024 18:29:56"}
{"label":"Logs for Users Products App","level":"debug","message":"Success in reading all users","timestamp":"22-03-2024 18:29:58"}
{"label":"Logs for Users Products App","level":"info","message":"Success in reading all users","timestamp":"22-03-2024 18:29:58"}
{"label":"Logs for Users Products App","level":"debug","message":"Success in reading all users","timestamp":"22-03-2024 18:30:00"}
{"label":"Logs for Users Products App","level":"info","message":"Success in reading all users","timestamp":"22-03-2024 18:30:00"}
{"label":"Logs for Users Products App","level":"debug","message":"Success in reading all users","timestamp":"22-03-2024 18:30:04"}
{"label":"Logs for Users Products App","level":"info","message":"Success in reading all users","timestamp":"22-03-2024 18:30:04"}
{"label":"Logs for Users Products App","level":"debug","message":"Success in reading all users","timestamp":"22-03-2024 18:30:05"}
{"label":"Logs for Users Products App","level":"info","message":"Success in reading all users","timestamp":"22-03-2024 18:30:05"}
{"label":"Logs for Users Products App","level":"debug","message":"Success in reading all users","timestamp":"22-03-2024 18:30:10"}
{"label":"Logs for Users Products App","level":"info","message":"Success in reading all users","timestamp":"22-03-2024 18:30:10"}
{"label":"Logs for Users Products App","level":"debug","message":"Success in reading all users","timestamp":"22-03-2024 18:31:39"}
{"label":"Logs for Users Products App","level":"info","message":"Success in reading all users","timestamp":"22-03-2024 18:31:39"}
